info: Using preferred locale 'en-GB'
info: Command Line Arguments: --minimize-to-tray & echo $! > ./pid.log
info: CPU Name: Apple M1 Max
info: CPU Speed: 2400MHz
info: Physical Cores: 10, Logical Cores: 10
info: Physical Memory: 32768MB Total
info: OS Name: Mac OS X
info: OS Version: Version 12.3.1 (Build 21E258)
info: Kernel Version: 21.4.0
info: hotkeys-cocoa: Using layout 'com.apple.keylayout.Canadian'
info: Current Date/Time: 2022-06-03, 19:38:23
info: Browser Hardware Acceleration: true
info: Portable mode: false
info: OBS 27.1.3 (mac)
info: ---------------------------------
info: ---------------------------------
info: audio settings reset:
	samples per sec: 48000
	speakers:        2
info: ---------------------------------
info: Initializing OpenGL...
info: Loading up OpenGL on adapter Apple Apple M1 Max
info: OpenGL loaded successfully, version 4.1 Metal - 76.3, shading language 4.10
info: ---------------------------------
info: video settings reset:
	base resolution:   1920x1080
	output resolution: 1280x720
	downscale filter:  Bicubic
	fps:               30/1
	format:            NV12
	YUV mode:          709/Partial
info: NV12 texture support not available
info: Audio monitoring device:
	name: Default
	id: default
info: ---------------------------------
warning: Failed to load 'en-GB' text for module: 'coreaudio-encoder.so'
warning: Failed to load 'en-US' text for module: 'decklink-captions.so'
warning: Failed to load 'en-US' text for module: 'decklink-ouput-ui.so'
warning: [Python] Could not load library: libpython3.9.dylib
warning: Failed to load 'en-GB' text for module: 'mac-capture.so'
warning: A DeckLink iterator could not be created.  The DeckLink drivers may not be installed
info: No blackmagic support
info: [mac-virtualcam] version=1.3.0
warning: Failed to load 'en-GB' text for module: 'mac-vth264.so'
info: [VideoToolbox encoder]: Adding VideoToolbox H264 encoders
warning: Failed to load 'en-GB' text for module: 'obs-browser.so'
info: [obs-browser]: Version 2.16.3
info: [obs-browser]: CEF Version 85.0.0-HEAD.2273+g93b66a0+chromium-85.0.4183.121
warning: Failed to load 'en-GB' text for module: 'obs-vst.so'
warning: Failed to load 'en-GB' text for module: 'obs-x264.so'
warning: Failed to load 'en-GB' text for module: 'rtmp-services.so'
info: Couldn't find VLC installation, VLC video source disabled
info: ---------------------------------
info:   Loaded Modules:
info:     vlc-video.so
info:     text-freetype2.so
info:     rtmp-services.so
info:     obs-x264.so
info:     obs-vst.so
info:     obs-transitions.so
info:     obs-outputs.so
info:     obs-filters.so
info:     obs-ffmpeg.so
info:     obs-browser.so
info:     mac-vth264.so
info:     mac-virtualcam.so
info:     mac-syphon.so
info:     mac-decklink.so
info:     mac-capture.so
info:     mac-avcapture.so
info:     image-source.so
info:     frontend-tools.so
info:     decklink-ouput-ui.so
info:     decklink-captions.so
info:     coreaudio-encoder.so
info: ---------------------------------
info: ==== Startup complete ===============================================
info: All scene data cleared
info: ------------------------------------------------
info: coreaudio: device 'MacBook Pro Microphone' initialized
info: [Loaded global audio device]: 'Mic/Aux'
info: Switched to scene 'Scene'
info: ------------------------------------------------
info: Loaded scenes:
info: - scene 'Scene':
info:     - source: 'MONITOR' (display_capture)
info: ------------------------------------------------
info: adding 42 milliseconds of audio buffering, total audio buffering is now 42 milliseconds (source: Mic/Aux)

info: ==== Shutting down ==================================================
info: All scene data cleared
info: ------------------------------------------------
info: [Scripting] Total detached callbacks: 0
info: Freeing OBS context data
info: == Profiler Results =============================
info: run_program_init: 1989.89 ms
info:  ┣OBSApp::AppInit: 4.245 ms
info:  ┃ ┗OBSApp::InitLocale: 1.954 ms
info:  ┗OBSApp::OBSInit: 1849.83 ms
info:    ┣obs_startup: 29.986 ms
info:    ┗OBSBasic::OBSInit: 1733.91 ms
info:      ┣OBSBasic::InitBasicConfig: 0.194 ms
info:      ┣OBSBasic::ResetAudio: 0.147 ms
info:      ┣OBSBasic::ResetVideo: 152.165 ms
info:      ┣OBSBasic::InitOBSCallbacks: 0.01 ms
info:      ┣OBSBasic::InitHotkeys: 0.051 ms
info:      ┣obs_load_all_modules: 1418.62 ms
info:      ┃ ┣obs_init_module(coreaudio-encoder.so): 0.003 ms
info:      ┃ ┣obs_init_module(decklink-captions.so): 0.116 ms
info:      ┃ ┣obs_init_module(decklink-ouput-ui.so): 0.57 ms
info:      ┃ ┣obs_init_module(frontend-tools.so): 3.125 ms
info:      ┃ ┣obs_init_module(image-source.so): 0.005 ms
info:      ┃ ┣obs_init_module(mac-avcapture.so): 1251.98 ms
info:      ┃ ┣obs_init_module(mac-capture.so): 0.027 ms
info:      ┃ ┣obs_init_module(mac-decklink.so): 0.328 ms
info:      ┃ ┣obs_init_module(mac-syphon.so): 0.008 ms
info:      ┃ ┣obs_init_module(mac-virtualcam.so): 0.217 ms
info:      ┃ ┣obs_init_module(mac-vth264.so): 91.013 ms
info:      ┃ ┣obs_init_module(obs-browser.so): 21.23 ms
info:      ┃ ┣obs_init_module(obs-ffmpeg.so): 0.008 ms
info:      ┃ ┣obs_init_module(obs-filters.so): 0.018 ms
info:      ┃ ┣obs_init_module(obs-outputs.so): 0.004 ms
info:      ┃ ┣obs_init_module(obs-transitions.so): 0.005 ms
info:      ┃ ┣obs_init_module(obs-vst.so): 0.002 ms
info:      ┃ ┣obs_init_module(obs-x264.so): 0.001 ms
info:      ┃ ┣obs_init_module(rtmp-services.so): 1.001 ms
info:      ┃ ┣obs_init_module(text-freetype2.so): 0.019 ms
info:      ┃ ┗obs_init_module(vlc-video.so): 0.098 ms
info:      ┣OBSBasic::ResetOutputs: 10.306 ms
info:      ┣OBSBasic::CreateHotkeys: 0.057 ms
info:      ┣OBSBasic::InitService: 1.759 ms
info:      ┣OBSBasic::InitPrimitives: 0.095 ms
info:      ┗OBSBasic::Load: 110.085 ms
info: obs_hotkey_thread(25 ms): min=0 ms, median=2.207 ms, max=402.633 ms, 99th percentile=4.969 ms, 99.9925% below 25 ms
info: audio_thread(Audio): min=0 ms, median=0.075 ms, max=9.118 ms, 99th percentile=0.767 ms
info: obs_graphics_thread(33.3333 ms): min=0.102 ms, median=1.341 ms, max=500.151 ms, 99th percentile=9.906 ms, 99.9931% below 33.333 ms
info:  ┣tick_sources: min=0 ms, median=0.016 ms, max=43.376 ms, 99th percentile=7.32 ms
info:  ┣output_frame: min=0.098 ms, median=1.214 ms, max=500.084 ms, 99th percentile=3.372 ms
info:  ┃ ┗gs_context(video->graphics): min=0.098 ms, median=1.213 ms, max=500.083 ms, 99th percentile=3.368 ms
info:  ┃   ┣render_video: min=0.018 ms, median=0.644 ms, max=18.704 ms, 99th percentile=2.479 ms
info:  ┃   ┃ ┗render_main_texture: min=0.017 ms, median=0.632 ms, max=18.683 ms, 99th percentile=2.443 ms
info:  ┃   ┗gs_flush: min=0.047 ms, median=0.524 ms, max=499.305 ms, 99th percentile=1.177 ms
info:  ┗render_displays: min=0.001 ms, median=0.003 ms, max=7.911 ms, 99th percentile=0.009 ms
info: =================================================
info: == Profiler Time Between Calls ==================
info: obs_hotkey_thread(25 ms): min=25.029 ms, median=31.619 ms, max=431.472 ms, 0.0117506% within ±2% of 25 ms (0% lower, 99.9882% higher)
info: obs_graphics_thread(33.3333 ms): min=4.477 ms, median=33.331 ms, max=500.367 ms, 36.5402% within ±2% of 33.333 ms (33.0274% lower, 30.4324% higher)
info: =================================================
info: Number of memory leaks: 0
info: Using preferred locale 'en-GB'
info: Command Line Arguments: --minimize-to-tray
info: CPU Name: Apple M1 Max
info: CPU Speed: 2400MHz
info: Physical Cores: 10, Logical Cores: 10
info: Physical Memory: 32768MB Total
info: OS Name: Mac OS X
info: OS Version: Version 12.3.1 (Build 21E258)
info: Kernel Version: 21.4.0
info: hotkeys-cocoa: Using layout 'com.apple.keylayout.Canadian'
info: Current Date/Time: 2022-06-03, 22:00:44
info: Browser Hardware Acceleration: true
info: Portable mode: false
info: OBS 27.1.3 (mac)
info: ---------------------------------
info: ---------------------------------
info: audio settings reset:
	samples per sec: 48000
	speakers:        2
info: ---------------------------------
info: Initializing OpenGL...
info: Loading up OpenGL on adapter Apple Apple M1 Max
info: OpenGL loaded successfully, version 4.1 Metal - 76.3, shading language 4.10
info: ---------------------------------
info: video settings reset:
	base resolution:   1920x1080
	output resolution: 1280x720
	downscale filter:  Bicubic
	fps:               30/1
	format:            NV12
	YUV mode:          709/Partial
info: NV12 texture support not available
info: Audio monitoring device:
	name: Default
	id: default
info: ---------------------------------
warning: Failed to load 'en-GB' text for module: 'coreaudio-encoder.so'
warning: Failed to load 'en-US' text for module: 'decklink-captions.so'
warning: Failed to load 'en-US' text for module: 'decklink-ouput-ui.so'
warning: [Python] Could not load library: libpython3.9.dylib
warning: Failed to load 'en-GB' text for module: 'mac-capture.so'
warning: A DeckLink iterator could not be created.  The DeckLink drivers may not be installed
info: No blackmagic support
info: [mac-virtualcam] version=1.3.0
warning: Failed to load 'en-GB' text for module: 'mac-vth264.so'
info: [VideoToolbox encoder]: Adding VideoToolbox H264 encoders
warning: Failed to load 'en-GB' text for module: 'obs-browser.so'
info: [obs-browser]: Version 2.16.3
info: [obs-browser]: CEF Version 85.0.0-HEAD.2273+g93b66a0+chromium-85.0.4183.121
warning: Failed to load 'en-GB' text for module: 'obs-vst.so'
warning: Failed to load 'en-GB' text for module: 'obs-x264.so'
warning: Failed to load 'en-GB' text for module: 'rtmp-services.so'
info: Couldn't find VLC installation, VLC video source disabled
info: ---------------------------------
info:   Loaded Modules:
info:     vlc-video.so
info:     text-freetype2.so
info:     rtmp-services.so
info:     obs-x264.so
info:     obs-vst.so
info:     obs-transitions.so
info:     obs-outputs.so
info:     obs-filters.so
info:     obs-ffmpeg.so
info:     obs-browser.so
info:     mac-vth264.so
info:     mac-virtualcam.so
info:     mac-syphon.so
info:     mac-decklink.so
info:     mac-capture.so
info:     mac-avcapture.so
info:     image-source.so
info:     frontend-tools.so
info:     decklink-ouput-ui.so
info:     decklink-captions.so
info:     coreaudio-encoder.so
info: ---------------------------------
info: ==== Startup complete ===============================================
info: All scene data cleared
info: ------------------------------------------------
info: coreaudio: device 'MacBook Pro Microphone' initialized
info: [Loaded global audio device]: 'Mic/Aux'
info: Switched to scene 'Scene'
info: ------------------------------------------------
info: Loaded scenes:
info: - scene 'Scene':
info:     - source: 'MONITOR' (display_capture)
info: ------------------------------------------------
info: adding 42 milliseconds of audio buffering, total audio buffering is now 42 milliseconds (source: Mic/Aux)

info: Using preferred locale 'en-GB'
info: Command Line Arguments: --minimize-to-tray
info: CPU Name: Apple M1 Max
info: CPU Speed: 2400MHz
info: Physical Cores: 10, Logical Cores: 10
info: Physical Memory: 32768MB Total
info: OS Name: Mac OS X
info: OS Version: Version 12.3.1 (Build 21E258)
info: Kernel Version: 21.4.0
info: hotkeys-cocoa: Using layout 'com.apple.keylayout.Canadian'
info: Current Date/Time: 2022-06-03, 22:06:32
info: Browser Hardware Acceleration: true
info: Portable mode: false
info: OBS 27.1.3 (mac)
info: ---------------------------------
info: ---------------------------------
info: audio settings reset:
	samples per sec: 48000
	speakers:        2
info: ---------------------------------
info: Initializing OpenGL...
info: Loading up OpenGL on adapter Apple Apple M1 Max
info: OpenGL loaded successfully, version 4.1 Metal - 76.3, shading language 4.10
info: ---------------------------------
info: video settings reset:
	base resolution:   1920x1080
	output resolution: 1280x720
	downscale filter:  Bicubic
	fps:               30/1
	format:            NV12
	YUV mode:          709/Partial
info: NV12 texture support not available
info: Audio monitoring device:
	name: Default
	id: default
info: ---------------------------------
warning: Failed to load 'en-GB' text for module: 'coreaudio-encoder.so'
warning: Failed to load 'en-US' text for module: 'decklink-captions.so'
warning: Failed to load 'en-US' text for module: 'decklink-ouput-ui.so'
warning: [Python] Could not load library: libpython3.9.dylib
warning: Failed to load 'en-GB' text for module: 'mac-capture.so'
warning: A DeckLink iterator could not be created.  The DeckLink drivers may not be installed
info: No blackmagic support
info: [mac-virtualcam] version=1.3.0
warning: Failed to load 'en-GB' text for module: 'mac-vth264.so'
info: [VideoToolbox encoder]: Adding VideoToolbox H264 encoders
warning: Failed to load 'en-GB' text for module: 'obs-browser.so'
info: [obs-browser]: Version 2.16.3
info: [obs-browser]: CEF Version 85.0.0-HEAD.2273+g93b66a0+chromium-85.0.4183.121
warning: Failed to load 'en-GB' text for module: 'obs-vst.so'
warning: Failed to load 'en-GB' text for module: 'obs-x264.so'
warning: Failed to load 'en-GB' text for module: 'rtmp-services.so'
info: Couldn't find VLC installation, VLC video source disabled
info: ---------------------------------
info:   Loaded Modules:
info:     vlc-video.so
info:     text-freetype2.so
info:     rtmp-services.so
info:     obs-x264.so
info:     obs-vst.so
info:     obs-transitions.so
info:     obs-outputs.so
info:     obs-filters.so
info:     obs-ffmpeg.so
info:     obs-browser.so
info:     mac-vth264.so
info:     mac-virtualcam.so
info:     mac-syphon.so
info:     mac-decklink.so
info:     mac-capture.so
info:     mac-avcapture.so
info:     image-source.so
info:     frontend-tools.so
info:     decklink-ouput-ui.so
info:     decklink-captions.so
info:     coreaudio-encoder.so
info: ---------------------------------
info: ==== Startup complete ===============================================
info: All scene data cleared
info: ------------------------------------------------
info: coreaudio: device 'MacBook Pro Microphone' initialized
info: [Loaded global audio device]: 'Mic/Aux'
info: Switched to scene 'Scene'
info: ------------------------------------------------
info: Loaded scenes:
info: - scene 'Scene':
info:     - source: 'MONITOR' (display_capture)
info: ------------------------------------------------
info: adding 42 milliseconds of audio buffering, total audio buffering is now 42 milliseconds (source: Mic/Aux)

info: ==== Shutting down ==================================================
info: All scene data cleared
info: ------------------------------------------------
info: [Scripting] Total detached callbacks: 0
info: Freeing OBS context data
info: == Profiler Results =============================
info: run_program_init: 2069.84 ms
info:  ┣OBSApp::AppInit: 3.629 ms
info:  ┃ ┗OBSApp::InitLocale: 1.838 ms
info:  ┗OBSApp::OBSInit: 1885.61 ms
info:    ┣obs_startup: 72.435 ms
info:    ┗OBSBasic::OBSInit: 1728.11 ms
info:      ┣OBSBasic::InitBasicConfig: 0.198 ms
info:      ┣OBSBasic::ResetAudio: 0.162 ms
info:      ┣OBSBasic::ResetVideo: 151.716 ms
info:      ┣OBSBasic::InitOBSCallbacks: 0.007 ms
info:      ┣OBSBasic::InitHotkeys: 0.044 ms
info:      ┣obs_load_all_modules: 1419.31 ms
info:      ┃ ┣obs_init_module(coreaudio-encoder.so): 0.003 ms
info:      ┃ ┣obs_init_module(decklink-captions.so): 0.132 ms
info:      ┃ ┣obs_init_module(decklink-ouput-ui.so): 0.574 ms
info:      ┃ ┣obs_init_module(frontend-tools.so): 3.18 ms
info:      ┃ ┣obs_init_module(image-source.so): 0.011 ms
info:      ┃ ┣obs_init_module(mac-avcapture.so): 1250.27 ms
info:      ┃ ┣obs_init_module(mac-capture.so): 0.027 ms
info:      ┃ ┣obs_init_module(mac-decklink.so): 0.516 ms
info:      ┃ ┣obs_init_module(mac-syphon.so): 0.012 ms
info:      ┃ ┣obs_init_module(mac-virtualcam.so): 0.114 ms
info:      ┃ ┣obs_init_module(mac-vth264.so): 93.597 ms
info:      ┃ ┣obs_init_module(obs-browser.so): 21.764 ms
info:      ┃ ┣obs_init_module(obs-ffmpeg.so): 0.007 ms
info:      ┃ ┣obs_init_module(obs-filters.so): 0.019 ms
info:      ┃ ┣obs_init_module(obs-outputs.so): 0.003 ms
info:      ┃ ┣obs_init_module(obs-transitions.so): 0.005 ms
info:      ┃ ┣obs_init_module(obs-vst.so): 0.002 ms
info:      ┃ ┣obs_init_module(obs-x264.so): 0.001 ms
info:      ┃ ┣obs_init_module(rtmp-services.so): 0.818 ms
info:      ┃ ┣obs_init_module(text-freetype2.so): 0.018 ms
info:      ┃ ┗obs_init_module(vlc-video.so): 0.1 ms
info:      ┣OBSBasic::ResetOutputs: 10.25 ms
info:      ┣OBSBasic::CreateHotkeys: 0.048 ms
info:      ┣OBSBasic::InitService: 1.529 ms
info:      ┣OBSBasic::InitPrimitives: 0.144 ms
info:      ┗OBSBasic::Load: 101.859 ms
info: obs_hotkey_thread(25 ms): min=0 ms, median=0.001 ms, max=10.165 ms, 99th percentile=2.4 ms, 100% below 25 ms
info: audio_thread(Audio): min=0.007 ms, median=0.07 ms, max=2.113 ms, 99th percentile=0.372 ms
info: obs_graphics_thread(33.3333 ms): min=0.087 ms, median=0.766 ms, max=10.746 ms, 99th percentile=2.891 ms, 100% below 33.333 ms
info:  ┣tick_sources: min=0 ms, median=0.012 ms, max=2.932 ms, 99th percentile=0.123 ms
info:  ┣output_frame: min=0.082 ms, median=0.718 ms, max=5.286 ms, 99th percentile=2.743 ms
info:  ┃ ┗gs_context(video->graphics): min=0.082 ms, median=0.717 ms, max=5.284 ms, 99th percentile=2.742 ms
info:  ┃   ┣render_video: min=0.016 ms, median=0.141 ms, max=4.527 ms, 99th percentile=0.696 ms
info:  ┃   ┃ ┗render_main_texture: min=0.015 ms, median=0.13 ms, max=4.493 ms, 99th percentile=0.664 ms
info:  ┃   ┗gs_flush: min=0.064 ms, median=0.554 ms, max=4.349 ms, 99th percentile=2.036 ms
info:  ┗render_displays: min=0.001 ms, median=0.003 ms, max=10.44 ms, 99th percentile=0.008 ms
info: =================================================
info: == Profiler Time Between Calls ==================
info: obs_hotkey_thread(25 ms): min=25.029 ms, median=29.008 ms, max=40.195 ms, 4.78784% within ±2% of 25 ms (0% lower, 95.2122% higher)
info: obs_graphics_thread(33.3333 ms): min=26.878 ms, median=33.331 ms, max=39.367 ms, 34.2493% within ±2% of 33.333 ms (34.3164% lower, 31.4343% higher)
info: =================================================
info: Number of memory leaks: 0
info: Using preferred locale 'en-GB'
info: Rosetta translation used: false
info: Command Line Arguments: --minimize-to-tray
info: CPU Name: Intel(R) Core(TM) i7-7700K CPU @ 4.20GHz
info: CPU Speed: 4200MHz
info: Physical Cores: 4, Logical Cores: 8
info: Physical Memory: 8192MB Total
info: OS Name: Mac OS X
info: OS Version: Version 10.15.7 (Build 19H1922)
info: Kernel Version: 19.6.0
info: hotkeys-cocoa: Using layout 'com.apple.keylayout.US'
info: Current Date/Time: 2022-06-13, 12:17:07
info: Browser Hardware Acceleration: true
info: Qt Version: 5.15.2 (runtime), 5.15.2 (compiled)
info: Portable mode: false
info: OBS 27.2.4 (mac)
info: ---------------------------------
info: ---------------------------------
info: audio settings reset:
	samples per sec: 48000
	speakers:        2
info: ---------------------------------
info: Initializing OpenGL...
info: Loading up OpenGL on adapter ATI Technologies Inc. AMD Radeon Pro 580 OpenGL Engine
info: OpenGL loaded successfully, version 4.1 ATI-3.10.23, shading language 4.10
info: ---------------------------------
info: video settings reset:
	base resolution:   1920x1080
	output resolution: 1920x1080
	downscale filter:  Bicubic
	fps:               30/1
	format:            NV12
	YUV mode:          709/Partial
info: NV12 texture support not available
info: Audio monitoring device:
	name: Default
	id: default
info: ---------------------------------
warning: Failed to load 'en-GB' text for module: 'aja-output-ui.so'
warning: No AJA devices found, skipping loading AJA UI plugin
warning: Failed to initialize module 'aja-output-ui.so'
warning: Failed to load 'en-GB' text for module: 'aja.so'
warning: No AJA devices found, skipping loading AJA plugin
warning: Failed to initialize module 'aja.so'
warning: Failed to load 'en-GB' text for module: 'coreaudio-encoder.so'
warning: Failed to load 'en-US' text for module: 'decklink-captions.so'
warning: Failed to load 'en-US' text for module: 'decklink-ouput-ui.so'
warning: Failed to load 'en-GB' text for module: 'frontend-tools.so'
warning: [Python] Could not load library: libpython3.9.dylib
warning: Failed to load 'en-GB' text for module: 'mac-capture.so'
warning: A DeckLink iterator could not be created.  The DeckLink drivers may not be installed
info: No blackmagic support
warning: Failed to load 'en-GB' text for module: 'mac-virtualcam.so'
warning: Failed to load 'en-GB' text for module: 'mac-vth264.so'
info: [VideoToolbox encoder]: Adding VideoToolbox H264 encoders
info: [obs-browser]: Version 2.17.13
info: [obs-browser]: CEF Version 95.0.0-MediaHandler.2462+g95e19b8+chromium-95.0.4638.69
warning: Failed to load 'en-GB' text for module: 'obs-vst.so'
warning: Failed to load 'en-GB' text for module: 'obs-x264.so'
warning: Failed to load 'en-GB' text for module: 'rtmp-services.so'
info: [vlc-video]: Couldn't find VLC installation, VLC video source disabled
warning: Ignoring old obs-browser.so version
warning: Failed to load 'en-GB' text for module: 'obs-websocket.so'
info: [obs-websocket] you can haz websockets (version 4.9.1)
info: [obs-websocket] qt version (compile-time): 5.15.2 ; qt version (run-time): 5.15.2
info: [obs-websocket] module loaded!
info: ---------------------------------
info:   Loaded Modules:
info:     obs-websocket.so
info:     vlc-video.so
info:     text-freetype2.so
info:     rtmp-services.so
info:     obs-x264.so
info:     obs-vst.so
info:     obs-transitions.so
info:     obs-outputs.so
info:     obs-filters.so
info:     obs-ffmpeg.so
info:     obs-browser.so
info:     mac-vth264.so
info:     mac-virtualcam.so
info:     mac-syphon.so
info:     mac-decklink.so
info:     mac-capture.so
info:     mac-avcapture.so
info:     image-source.so
info:     frontend-tools.so
info:     decklink-ouput-ui.so
info:     decklink-captions.so
info:     coreaudio-encoder.so
info: ---------------------------------
info: ==== Startup complete ===============================================
info: All scene data cleared
info: ------------------------------------------------
info: coreaudio: device 'iShowU Audio Capture' initialized
info: [Loaded global audio device]: 'Desktop Audio'
info: coreaudio: device 'Pro Tools | Carbon: I/O' initialized
info: [Loaded global audio device]: 'Mic/Aux'
info: Video Capture Device: No device selected
info: coreaudio: device 'Scarlett 2i4 USB' initialized
info: Logitech HD: Selected device 'HD Pro Webcam C920'
info: Logitech HD: Capturing 'HD Pro Webcam C920' (0x14200000046d082d):
	Resolution: 1920x1080
	FPS: 30 (30000030/1000000)
	Frame interval: 0.0333333 s
	Input format: Auto (actual: MJPEG - JPEG OpenDML (dmb1))
	Requested color space: Auto (-1)
	Requested video range: Auto (-1)
	Using format: <AVCaptureDeviceFormat: 0x7faf50c30d10> 'vide'/'dmb1' enc dims = 1920x1080, pres dims = 1920x1080 { 30.00 24.00 20.00 15.00 10.00 7.50 5.00 fps }
info: adding 21 milliseconds of audio buffering, total audio buffering is now 21 milliseconds (source: Mic/Aux)

info: LogitechSD: Selected device 'HD Pro Webcam C920'
info: LogitechSD: Capturing 'HD Pro Webcam C920' (0x14200000046d082d):
	Resolution: 1280x720
	FPS: 30 (30000030/1000000)
	Frame interval: 0.0333333 s
	Input format: Auto (actual: MJPEG - JPEG OpenDML (dmb1))
	Requested color space: Auto (-1)
	Requested video range: Auto (-1)
	Using format: <AVCaptureDeviceFormat: 0x7faf50c306b0> 'vide'/'dmb1' enc dims = 1280x720, pres dims = 1280x720 { 30.00 24.00 20.00 15.00 10.00 7.50 5.00 fps }
info: adding 21 milliseconds of audio buffering, total audio buffering is now 42 milliseconds (source: Desktop Audio)

info: Switched to scene 'LogitechHD+Scarlet'
info: ------------------------------------------------
info: Loaded scenes:
info: - scene 'LogitechHD+Scarlet':
info:     - source: 'Scarlet' (coreaudio_input_capture)
info:     - source: 'Logitech HD' (av_capture_input)
info:     - source: 'Video Capture Device' (av_capture_input)
info: - scene 'LogitechSD+Scarlet':
info:     - source: 'Scarlet' (coreaudio_input_capture)
info:     - source: 'LogitechSD' (av_capture_input)
info: ------------------------------------------------
info: [obs-websocket] WSServer::start: Not locked to IPv4 bindings
info: [obs-websocket] server started successfully on port 4444
info: [obs-websocket] IO thread started.
